<?xml version="1.0" encoding="UTF-8"?>
<testsuite xmlns:xsi="http://www.w3.org/2001/XMLSchema-instance" xsi:noNamespaceSchemaLocation="https://maven.apache.org/surefire/maven-surefire-plugin/xsd/surefire-test-report.xsd" name="com.qa.choonz.controller.TrackControllerUnitTest" time="0.743" tests="6" errors="0" skipped="0" failures="0">
  <properties>
[...]
</properties>
  <testcase name="readOneTest" classname="com.qa.choonz.controller.TrackControllerUnitTest" time="0"/>
  <testcase name="readAllTest" classname="com.qa.choonz.controller.TrackControllerUnitTest" time="0"/>
  <testcase name="deleteTestTwo" classname="com.qa.choonz.controller.TrackControllerUnitTest" time="0"/>
  <testcase name="updateTest" classname="com.qa.choonz.controller.TrackControllerUnitTest" time="0"/>
  <testcase name="createTest" classname="com.qa.choonz.controller.TrackControllerUnitTest" time="0"/>
  <testcase name="deleteTest" classname="com.qa.choonz.controller.TrackControllerUnitTest" time="0"/>
</testsuite>